<?xml version="1.0" encoding="UTF-8"?>
<testsuite name="com.thoughtworks.gameOfLife.utils.FileUtilsTest" tests="10" skipped="0" failures="0" errors="0" timestamp="2019-06-13T03:57:45" hostname="vera" time="0.15">
  <properties/>
  <testcase name="whenReadFileNotLegalNumThenException" classname="com.thoughtworks.gameOfLife.utils.FileUtilsTest" time="0.036"/>
  <testcase name="whenReadFileSuccess" classname="com.thoughtworks.gameOfLife.utils.FileUtilsTest" time="0.006"/>
  <testcase name="whenReadFileEmptyThenException" classname="com.thoughtworks.gameOfLife.utils.FileUtilsTest" time="0.001"/>
  <testcase name="whenReadFileFormatNotLegalThenException1" classname="com.thoughtworks.gameOfLife.utils.FileUtilsTest" time="0.002"/>
  <testcase name="whenReadFileFormatNotLegalThenException2" classname="com.thoughtworks.gameOfLife.utils.FileUtilsTest" time="0.009"/>
  <testcase name="whenReadFileNotLegalNumThenException" classname="com.thoughtworks.gameOfLife.utils.FileUtilsTest" time="0.001"/>
  <testcase name="whenReadFileSuccess" classname="com.thoughtworks.gameOfLife.utils.FileUtilsTest" time="0.002"/>
  <testcase name="whenReadFileEmptyThenException" classname="com.thoughtworks.gameOfLife.utils.FileUtilsTest" time="0.0"/>
  <testcase name="whenReadFileFormatNotLegalThenException1" classname="com.thoughtworks.gameOfLife.utils.FileUtilsTest" time="0.001"/>
  <testcase name="whenReadFileFormatNotLegalThenException2" classname="com.thoughtworks.gameOfLife.utils.FileUtilsTest" time="0.002"/>
  <system-out><![CDATA[]]></system-out>
  <system-err><![CDATA[]]></system-err>
</testsuite>
