<?xml version="1.0" encoding="UTF-8"?>
<testsuite name="com.thoughtworks.gameOfLife.utils.FileUtilsTest" tests="10" skipped="0" failures="0" errors="0" timestamp="2019-06-12T18:27:18" hostname="vera" time="0.256">
  <properties/>
  <testcase name="whenReadFileNotLegalNumThenException" classname="com.thoughtworks.gameOfLife.utils.FileUtilsTest" time="0.016"/>
  <testcase name="whenReadFileSuccess" classname="com.thoughtworks.gameOfLife.utils.FileUtilsTest" time="0.013"/>
  <testcase name="whenReadFileEmptyThenException" classname="com.thoughtworks.gameOfLife.utils.FileUtilsTest" time="0.001"/>
  <testcase name="whenReadFileFormatNotLegalThenException1" classname="com.thoughtworks.gameOfLife.utils.FileUtilsTest" time="0.001"/>
  <testcase name="whenReadFileFormatNotLegalThenException2" classname="com.thoughtworks.gameOfLife.utils.FileUtilsTest" time="0.0"/>
  <testcase name="whenReadFileNotLegalNumThenException" classname="com.thoughtworks.gameOfLife.utils.FileUtilsTest" time="0.001"/>
  <testcase name="whenReadFileSuccess" classname="com.thoughtworks.gameOfLife.utils.FileUtilsTest" time="0.001"/>
  <testcase name="whenReadFileEmptyThenException" classname="com.thoughtworks.gameOfLife.utils.FileUtilsTest" time="0.0"/>
  <testcase name="whenReadFileFormatNotLegalThenException1" classname="com.thoughtworks.gameOfLife.utils.FileUtilsTest" time="0.001"/>
  <testcase name="whenReadFileFormatNotLegalThenException2" classname="com.thoughtworks.gameOfLife.utils.FileUtilsTest" time="0.001"/>
  <system-out><![CDATA[]]></system-out>
  <system-err><![CDATA[]]></system-err>
</testsuite>
